27-05-2021 20:18:05 [Logger.js] [error]: Database Insertion failed err:  notNull Violation: Provider.formatted_address cannot be null
27-05-2021 20:18:25 [Logger.js] [error]: Database Insertion failed err:  notNull Violation: Provider.formatted_address cannot be null
27-05-2021 20:18:46 [Logger.js] [error]: Database Insertion failed err:  notNull Violation: Provider.formatted_address cannot be null
27-05-2021 20:19:40 [Logger.js] [error]: Database Insertion failed err:  Validation error
27-05-2021 20:37:12 [Logger.js] [error]: Database Selection failed err:  db.Provider.query is not a function
27-05-2021 20:37:24 [Logger.js] [error]: Database Selection failed err:  db.Provider.query is not a function
27-05-2021 20:38:06 [Logger.js] [error]: Database Selection failed err:  db.query is not a function
27-05-2021 20:39:46 [Logger.js] [error]: Database Selection failed err:  Table 'talabat_dev.markers' doesn't exist
27-05-2021 20:40:13 [Logger.js] [error]: Database Selection failed err:  Table 'talabat_dev.markers' doesn't exist
27-05-2021 20:40:53 [Logger.js] [error]: Database Selection failed err:  provider_retrieved is not defined
27-05-2021 20:41:32 [Logger.js] [error]: Database Selection failed err:  provider_retrieved is not defined
27-05-2021 20:46:40 [Logger.js] [error]: Database Selection failed err:  Out of range value for column 'clientLat' at row 1
27-05-2021 20:47:08 [Logger.js] [error]: Database Selection failed err:  provider_retrieved is not defined
27-05-2021 20:47:11 [Logger.js] [error]: Database Selection failed err:  provider_retrieved is not defined
27-05-2021 20:52:59 [Logger.js] [error]: Database Selection failed err:  Unknown column 'openning_hour' in 'field list'
27-05-2021 20:53:22 [Logger.js] [error]: Database Selection failed err:  Unknown column 'openning_hour' in 'field list'
27-05-2021 20:53:39 [Logger.js] [error]: Database Selection failed err:  Unknown column 'openning_hour' in 'field list'
27-05-2021 20:59:04 [Logger.js] [error]: Database Selection failed err:  Unknown column 'deleted_at' in 'where clause'
27-05-2021 20:59:26 [Logger.js] [error]: Database Selection failed err:  Unknown column 'deleted_at' in 'where clause'
28-05-2021 14:47:11 [Logger.js] [error]: Database Insertion failed err:  Access denied for user 'root'@'localhost' (using password: YES)
28-05-2021 14:48:30 [Logger.js] [error]: Database Insertion failed err:  Table 'talabat_dev.superusers' doesn't exist
28-05-2021 18:20:25 [Logger.js] [error]: Database Selection failed err:  Cannot read property 'find' of undefined
28-05-2021 18:25:07 [Logger.js] [error]: Database Selection failed err:  Cannot read property 'find' of undefined
28-05-2021 18:25:37 [Logger.js] [error]: Database Selection failed err:  Cannot read property 'find' of undefined
28-05-2021 18:26:18 [Logger.js] [error]: Database Selection failed err:  Cannot read property 'find' of undefined
28-05-2021 18:26:47 [Logger.js] [error]: Database Selection failed err:  Cannot read property 'find' of undefined
28-05-2021 18:30:28 [Logger.js] [error]: Database Selection failed err:  Cannot read property 'findAll' of undefined
28-05-2021 18:32:50 [Logger.js] [error]: Database Selection failed err:  Cannot read property 'findAll' of undefined
28-05-2021 18:33:29 [Logger.js] [error]: Database Selection failed err:  Cannot read property 'find' of undefined
28-05-2021 18:33:48 [Logger.js] [error]: Database Selection failed err:  Cannot read property 'findAll' of undefined
28-05-2021 18:35:04 [Logger.js] [error]: Database Selection failed err:  Cannot read property 'findAll' of undefined
28-05-2021 18:35:28 [Logger.js] [error]: Database Selection failed err:  Cannot read property 'findOne' of undefined
28-05-2021 18:36:40 [Logger.js] [error]: Database Selection failed err:  client_retrieved is not defined
